<?xml version="1.0" encoding="UTF-8"?>
<!-- Generated by org.testng.reporters.JUnitReportReporter -->
<testsuite hostname="LAP-SG-10109" failures="0" tests="1" name="PS1" time="0.008" errors="0" timestamp="2023-07-26T00:58:05 IST" skipped="0">
  <testcase classname="PS1" name="test" time="0.008"/>
</testsuite> <!-- PS1 -->
