<?xml version="1.0" encoding="UTF-8"?>
<!-- Generated by org.testng.reporters.JUnitReportReporter -->
<testsuite hostname="LAP-SG-10109" failures="0" tests="1" name="test.day2" time="0.005" errors="0" timestamp="2023-07-25T15:55:49 IST" skipped="0">
  <testcase classname="test.day2" name="day2" time="0.005"/>
</testsuite> <!-- test.day2 -->
