<?xml version="1.0" encoding="UTF-8"?>
<!-- Generated by org.testng.reporters.JUnitReportReporter -->
<testsuite hostname="LAP-SG-10109" failures="0" tests="4" name="test.day1" time="0.130" errors="0" timestamp="2023-07-25T15:55:49 IST" skipped="0">
  <testcase classname="test.day1" name="secondtestcase" time="0.018"/>
  <testcase classname="test.day1" name="Demo" time="0.018"/>
  <testcase classname="test.day1" name="secondtestcase" time="0.009"/>
  <testcase classname="test.day1" name="secondtestcase" time="0.085"/>
</testsuite> <!-- test.day1 -->
