<?xml version="1.0" encoding="UTF-8"?>
<!-- Generated by org.testng.reporters.JUnitReportReporter -->
<testsuite hostname="LAP-SG-10109" failures="0" tests="3" name="test.day3" time="0.013" errors="0" timestamp="2023-07-25T15:55:49 IST" skipped="0">
  <testcase classname="test.day3" name="mobiletestcase" time="0.001"/>
  <testcase classname="test.day3" name="mobilelogin" time="0.006"/>
  <testcase classname="test.day3" name="mobilelogout" time="0.006"/>
</testsuite> <!-- test.day3 -->
